<?xml version="1.0" encoding="UTF-8"?>
<testsuite xmlns:xsi="http://www.w3.org/2001/XMLSchema-instance" xsi:noNamespaceSchemaLocation="https://maven.apache.org/surefire/maven-surefire-plugin/xsd/surefire-test-report.xsd" name="controller.UsersControllerTest" time="6.786" tests="2" errors="0" skipped="0" failures="0">
  <properties>
[...]
</properties>
  <testcase name="queryById" classname="controller.UsersControllerTest" time="6.717"/>
  <testcase name="queryAll" classname="controller.UsersControllerTest" time="0"/>
</testsuite>